<?xml version="1.0" encoding="UTF-8"?>
<!-- Generated by org.testng.reporters.JUnitXMLReporter -->
<testsuite ignored="3" hostname="IN-B8WHX14" failures="0" tests="1" name="Default test" time="6.98" errors="0" timestamp="2024-09-22T19:11:29 IST">
  <testcase classname="com.Redbus.tests.RedbusSearchTest" name="searchBusTicket" time="4.455"/>
  <testcase classname="com.Redbus.tests.RedbusSearchTest" name="searchTrain" time="0.0">
    <ignored/>
  </testcase> <!-- searchTrain -->
  <testcase classname="com.Redbus.tests.RedbusSearchTest" name="searchBusSort" time="0.0">
    <ignored/>
  </testcase> <!-- searchBusSort -->
  <testcase classname="com.Redbus.tests.RedbusSearchTest" name="viewOffers" time="0.0">
    <ignored/>
  </testcase> <!-- viewOffers -->
</testsuite> <!-- Default test -->
