<?xml version="1.0" encoding="UTF-8"?>
<!-- Generated by org.testng.reporters.JUnitXMLReporter -->
<testsuite ignored="0" hostname="IN-B8WHX14" failures="0" tests="3" name="Test" time="30.006" errors="0" timestamp="22 Sept 2024 17:16:52 GMT">
  <testcase classname="com.Redbus.tests.RedbusSearchTest" name="searchBusSort" time="7.058"/>
  <testcase classname="com.Redbus.tests.RedbusSearchTest" name="searchBusTicket" time="5.315"/>
  <testcase classname="com.Redbus.tests.RedbusSearchTest" name="viewOffers" time="5.068"/>
</testsuite> <!-- Test -->
