<?xml version="1.0" encoding="UTF-8"?>
<testsuite xmlns:xsi="http://www.w3.org/2001/XMLSchema-instance" xsi:noNamespaceSchemaLocation="https://maven.apache.org/surefire/maven-surefire-plugin/xsd/surefire-test-report-3.0.xsd" version="3.0" name="TestSuite" time="37.967" tests="3" errors="0" skipped="0" failures="1">
  <properties>
[...]
</properties>
  <testcase name="searchBusSort" classname="com.Redbus.tests.RedbusSearchTest" time="10.392">
    <system-out><![CDATA[[TestNGContentHandler] [WARN] It is strongly recommended to add "<!DOCTYPE suite SYSTEM "http://testng.org/testng-1.0.dtd" >" at the top of your file, otherwise TestNG may fail or not work as expected.
chrome
21:39:51.256 [main] INFO  com.Redbus.utils.BasePage - Waiting for element to be visible: By.id: src
21:39:51.596 [main] INFO  com.Redbus.utils.BasePage - Waiting for element to be visible: By.className: sc-dnqmqq
21:39:52.248 [main] INFO  com.Redbus.utils.BasePage - Waiting for element to be visible: By.id: src
21:39:52.344 [main] INFO  com.Redbus.utils.BasePage - Waiting for element to be visible: By.id: dest
21:39:52.418 [main] INFO  com.Redbus.utils.BasePage - Waiting for element to be visible: By.className: sc-dnqmqq
21:39:53.057 [main] INFO  com.Redbus.utils.BasePage - Waiting for element to be visible: By.id: dest
[[[ChromeDriver: chrome on WINDOWS (85271cd6aa3e52b3280c819df5006474)] -> class name: DayNavigator__IconBlock-qj8jdz-2], [[ChromeDriver: chrome on WINDOWS (85271cd6aa3e52b3280c819df5006474)] -> class name: DayNavigator__IconBlock-qj8jdz-2], [[ChromeDriver: chrome on WINDOWS (85271cd6aa3e52b3280c819df5006474)] -> class name: DayNavigator__IconBlock-qj8jdz-2]]
Apr 2024
4 Holidays
21:39:53.488 [main] INFO  com.Redbus.utils.BasePage - Clicking on element: By.id: search_button
21:39:53.488 [main] INFO  com.Redbus.utils.BasePage - Waiting for element to be visible: By.id: search_button
21:39:53.631 [main] INFO  com.Redbus.utils.BasePage - Waiting for element to be visible: By.id: result-section
21:39:58.526 [main] INFO  com.Redbus.utils.BasePage - Waiting for element to be visible: By.className: sort-sec
21:39:58.910 [main] INFO  com.Redbus.utils.BasePage - Waiting for element to be visible: By.className: sort-sec
21:39:59.224 [main] INFO  com.Redbus.utils.BasePage - Checking if element is displayed: By.id: result-section
21:39:59.224 [main] INFO  com.Redbus.utils.BasePage - Waiting for element to be visible: By.id: result-section
]]></system-out>
    <system-err><![CDATA[Starting ChromeDriver 124.0.6367.60 (8771130bd84f76d855ae42fbe02752b03e352f17-refs/branch-heads/6367@{#798}) on port 36853
Only local connections are allowed.
Please see https://chromedriver.chromium.org/security-considerations for suggestions on keeping ChromeDriver safe.
ChromeDriver was started successfully.
Apr 20, 2024 9:39:46 PM org.openqa.selenium.remote.ProtocolHandshake createSession
INFO: Detected dialect: W3C
]]></system-err>
  </testcase>
  <testcase name="searchBusTicket" classname="com.Redbus.tests.RedbusSearchTest" time="6.143">
    <system-out><![CDATA[chrome
21:40:07.326 [main] INFO  com.Redbus.utils.BasePage - Waiting for element to be visible: By.id: src
21:40:07.454 [main] INFO  com.Redbus.utils.BasePage - Waiting for element to be visible: By.className: sc-dnqmqq
21:40:08.164 [main] INFO  com.Redbus.utils.BasePage - Waiting for element to be visible: By.id: src
21:40:08.265 [main] INFO  com.Redbus.utils.BasePage - Waiting for element to be visible: By.id: dest
21:40:08.378 [main] INFO  com.Redbus.utils.BasePage - Waiting for element to be visible: By.className: sc-dnqmqq
21:40:09.080 [main] INFO  com.Redbus.utils.BasePage - Waiting for element to be visible: By.id: dest
[[[ChromeDriver: chrome on WINDOWS (442def385774253ccc854c828b7763ea)] -> class name: DayNavigator__IconBlock-qj8jdz-2], [[ChromeDriver: chrome on WINDOWS (442def385774253ccc854c828b7763ea)] -> class name: DayNavigator__IconBlock-qj8jdz-2], [[ChromeDriver: chrome on WINDOWS (442def385774253ccc854c828b7763ea)] -> class name: DayNavigator__IconBlock-qj8jdz-2]]
Apr 2024
4 Holidays
21:40:09.577 [main] INFO  com.Redbus.utils.BasePage - Clicking on element: By.id: search_button
21:40:09.577 [main] INFO  com.Redbus.utils.BasePage - Waiting for element to be visible: By.id: search_button
21:40:09.758 [main] INFO  com.Redbus.utils.BasePage - Waiting for element to be visible: By.id: result-section
21:40:12.589 [main] INFO  com.Redbus.utils.BasePage - Checking if element is displayed: By.id: result-section
21:40:12.589 [main] INFO  com.Redbus.utils.BasePage - Waiting for element to be visible: By.id: result-section
]]></system-out>
    <system-err><![CDATA[Starting ChromeDriver 124.0.6367.60 (8771130bd84f76d855ae42fbe02752b03e352f17-refs/branch-heads/6367@{#798}) on port 33248
Only local connections are allowed.
Please see https://chromedriver.chromium.org/security-considerations for suggestions on keeping ChromeDriver safe.
ChromeDriver was started successfully.
Apr 20, 2024 9:40:02 PM org.openqa.selenium.remote.ProtocolHandshake createSession
INFO: Detected dialect: W3C
]]></system-err>
  </testcase>
  <testcase name="searchTrain" classname="com.Redbus.tests.RedbusSearchTest" time="3.311">
    <failure message="stale element reference: stale element not found in the current frame&#10;  (Session info: chrome=124.0.6367.60)&#10;For documentation on this error, please visit: https://www.seleniumhq.org/exceptions/stale_element_reference.html&#10;Build info: version: &apos;3.141.59&apos;, revision: &apos;e82be7d358&apos;, time: &apos;2018-11-14T08:17:03&apos;&#10;System info: host: &apos;UPASNA&apos;, ip: &apos;192.168.1.4&apos;, os.name: &apos;Windows 10&apos;, os.arch: &apos;amd64&apos;, os.version: &apos;10.0&apos;, java.version: &apos;1.8.0_211&apos;&#10;Driver info: org.openqa.selenium.chrome.ChromeDriver&#10;Capabilities {acceptInsecureCerts: false, browserName: chrome, browserVersion: 124.0.6367.60, chrome: {chromedriverVersion: 124.0.6367.60 (8771130bd84f..., userDataDir: C:\WINDOWS\SystemTemp\scope...}, fedcm:accounts: true, goog:chromeOptions: {debuggerAddress: localhost:51519}, javascriptEnabled: true, networkConnectionEnabled: false, pageLoadStrategy: normal, platform: WINDOWS, platformName: WINDOWS, proxy: Proxy(), setWindowRect: true, strictFileInteractability: false, timeouts: {implicit: 0, pageLoad: 300000, script: 30000}, unhandledPromptBehavior: dismiss and notify, webauthn:extension:credBlob: true, webauthn:extension:largeBlob: true, webauthn:extension:minPinLength: true, webauthn:extension:prf: true, webauthn:virtualAuthenticators: true}&#10;Session ID: acb78e8b03e70a4eb182254d37ebd03d" type="org.openqa.selenium.StaleElementReferenceException"><![CDATA[org.openqa.selenium.StaleElementReferenceException: 
stale element reference: stale element not found in the current frame
  (Session info: chrome=124.0.6367.60)
For documentation on this error, please visit: https://www.seleniumhq.org/exceptions/stale_element_reference.html
Build info: version: '3.141.59', revision: 'e82be7d358', time: '2018-11-14T08:17:03'
System info: host: 'UPASNA', ip: '192.168.1.4', os.name: 'Windows 10', os.arch: 'amd64', os.version: '10.0', java.version: '1.8.0_211'
Driver info: org.openqa.selenium.chrome.ChromeDriver
Capabilities {acceptInsecureCerts: false, browserName: chrome, browserVersion: 124.0.6367.60, chrome: {chromedriverVersion: 124.0.6367.60 (8771130bd84f..., userDataDir: C:\WINDOWS\SystemTemp\scope...}, fedcm:accounts: true, goog:chromeOptions: {debuggerAddress: localhost:51519}, javascriptEnabled: true, networkConnectionEnabled: false, pageLoadStrategy: normal, platform: WINDOWS, platformName: WINDOWS, proxy: Proxy(), setWindowRect: true, strictFileInteractability: false, timeouts: {implicit: 0, pageLoad: 300000, script: 30000}, unhandledPromptBehavior: dismiss and notify, webauthn:extension:credBlob: true, webauthn:extension:largeBlob: true, webauthn:extension:minPinLength: true, webauthn:extension:prf: true, webauthn:virtualAuthenticators: true}
Session ID: acb78e8b03e70a4eb182254d37ebd03d
	at com.Redbus.tests.RedbusSearchTest.searchTrain(RedbusSearchTest.java:44)
]]></failure>
    <system-out><![CDATA[chrome
21:40:18.043 [main] INFO  com.Redbus.utils.BasePage - Waiting for element to be visible: By.id: rail_tickets_vertical
21:40:20.296 [main] INFO  com.Redbus.utils.BasePage - Waiting for element to be visible: By.id: src
21:40:20.478 [main] INFO  com.Redbus.utils.BasePage - Waiting for element to be visible: By.className: src_search_wrapper
21:40:20.590 [main] INFO  com.Redbus.utils.BasePage - Waiting for element to be visible: By.id: dst
21:40:20.710 [main] INFO  com.Redbus.utils.BasePage - Waiting for element to be visible: By.className: dst_search_wrapper
]]></system-out>
    <system-err><![CDATA[Starting ChromeDriver 124.0.6367.60 (8771130bd84f76d855ae42fbe02752b03e352f17-refs/branch-heads/6367@{#798}) on port 38309
Only local connections are allowed.
Please see https://chromedriver.chromium.org/security-considerations for suggestions on keeping ChromeDriver safe.
ChromeDriver was started successfully.
Apr 20, 2024 9:40:15 PM org.openqa.selenium.remote.ProtocolHandshake createSession
INFO: Detected dialect: W3C
]]></system-err>
  </testcase>
</testsuite>