<?xml version="1.0" encoding="UTF-8"?>
<testng-results ignored="0" total="4" passed="3" failed="1" skipped="0">
  <reporter-output>
  </reporter-output>
  <suite started-at="2024-09-22T16:11:39Z" name="Suite" finished-at="2024-09-22T16:12:24Z" duration-ms="45358">
    <groups>
    </groups>
    <test started-at="2024-09-22T16:11:39Z" name="Test" finished-at="2024-09-22T16:12:24Z" duration-ms="45358">
      <class name="com.Redbus.tests.RedbusSearchTest">
        <test-method is-config="true" signature="setUp()[pri:0, instance:com.Redbus.tests.RedbusSearchTest@76b1e9b8]" started-at="2024-09-22T16:11:39Z" name="setUp" finished-at="2024-09-22T16:11:44Z" duration-ms="4794" status="PASS">
          <reporter-output>
          </reporter-output>
        </test-method> <!-- setUp -->
        <test-method signature="searchBusSort()[pri:0, instance:com.Redbus.tests.RedbusSearchTest@76b1e9b8]" started-at="2024-09-22T16:11:44Z" name="searchBusSort" finished-at="2024-09-22T16:11:52Z" duration-ms="8598" status="PASS">
          <reporter-output>
          </reporter-output>
        </test-method> <!-- searchBusSort -->
        <test-method is-config="true" signature="tearDown()[pri:0, instance:com.Redbus.tests.RedbusSearchTest@76b1e9b8]" started-at="2024-09-22T16:11:52Z" name="tearDown" finished-at="2024-09-22T16:11:53Z" duration-ms="314" status="PASS">
          <reporter-output>
          </reporter-output>
        </test-method> <!-- tearDown -->
        <test-method is-config="true" signature="setUp()[pri:0, instance:com.Redbus.tests.RedbusSearchTest@76b1e9b8]" started-at="2024-09-22T16:11:53Z" name="setUp" finished-at="2024-09-22T16:11:55Z" duration-ms="2800" status="PASS">
          <reporter-output>
          </reporter-output>
        </test-method> <!-- setUp -->
        <test-method signature="searchBusTicket()[pri:0, instance:com.Redbus.tests.RedbusSearchTest@76b1e9b8]" started-at="2024-09-22T16:11:55Z" name="searchBusTicket" finished-at="2024-09-22T16:12:01Z" duration-ms="5789" status="PASS">
          <reporter-output>
          </reporter-output>
        </test-method> <!-- searchBusTicket -->
        <test-method is-config="true" signature="tearDown()[pri:0, instance:com.Redbus.tests.RedbusSearchTest@76b1e9b8]" started-at="2024-09-22T16:12:01Z" name="tearDown" finished-at="2024-09-22T16:12:01Z" duration-ms="206" status="PASS">
          <reporter-output>
          </reporter-output>
        </test-method> <!-- tearDown -->
        <test-method is-config="true" signature="setUp()[pri:0, instance:com.Redbus.tests.RedbusSearchTest@76b1e9b8]" started-at="2024-09-22T16:12:01Z" name="setUp" finished-at="2024-09-22T16:12:04Z" duration-ms="2538" status="PASS">
          <reporter-output>
          </reporter-output>
        </test-method> <!-- setUp -->
        <test-method signature="searchTrain()[pri:0, instance:com.Redbus.tests.RedbusSearchTest@76b1e9b8]" started-at="2024-09-22T16:12:04Z" name="searchTrain" finished-at="2024-09-22T16:12:15Z" duration-ms="10862" status="FAIL">
          <exception class="org.openqa.selenium.UnhandledAlertException">
            <message>
              <![CDATA[unexpected alert open: {Alert text : Please enter valid source}
  (Session info: chrome=129.0.6668.59): Please enter valid source
Build info: version: '3.141.59', revision: 'e82be7d358', time: '2018-11-14T08:17:03'
System info: host: 'IN-B8WHX14', ip: '192.168.1.3', os.name: 'Windows 11', os.arch: 'amd64', os.version: '10.0', java.version: '22.0.2'
Driver info: org.openqa.selenium.chrome.ChromeDriver
Capabilities {acceptInsecureCerts: false, browserName: chrome, browserVersion: 129.0.6668.59, chrome: {chromedriverVersion: 129.0.6668.58 (81a06fb873a9..., userDataDir: C:\Users\upasna\AppData\Loc...}, fedcm:accounts: true, goog:chromeOptions: {debuggerAddress: localhost:53096}, javascriptEnabled: true, networkConnectionEnabled: false, pageLoadStrategy: normal, platform: WINDOWS, platformName: WINDOWS, proxy: Proxy(), setWindowRect: true, strictFileInteractability: false, timeouts: {implicit: 0, pageLoad: 300000, script: 30000}, unhandledPromptBehavior: dismiss and notify, webauthn:extension:credBlob: true, webauthn:extension:largeBlob: true, webauthn:extension:minPinLength: true, webauthn:extension:prf: true, webauthn:virtualAuthenticators: true}
Session ID: a80eadd61ec2d40f0406a402c83d4c91
*** Element info: {Using=class name, value=search_tupple_wrap}]]>
            </message>
            <full-stacktrace>
              <![CDATA[org.openqa.selenium.UnhandledAlertException: unexpected alert open: {Alert text : Please enter valid source}
  (Session info: chrome=129.0.6668.59): Please enter valid source
Build info: version: '3.141.59', revision: 'e82be7d358', time: '2018-11-14T08:17:03'
System info: host: 'IN-B8WHX14', ip: '192.168.1.3', os.name: 'Windows 11', os.arch: 'amd64', os.version: '10.0', java.version: '22.0.2'
Driver info: org.openqa.selenium.chrome.ChromeDriver
Capabilities {acceptInsecureCerts: false, browserName: chrome, browserVersion: 129.0.6668.59, chrome: {chromedriverVersion: 129.0.6668.58 (81a06fb873a9..., userDataDir: C:\Users\upasna\AppData\Loc...}, fedcm:accounts: true, goog:chromeOptions: {debuggerAddress: localhost:53096}, javascriptEnabled: true, networkConnectionEnabled: false, pageLoadStrategy: normal, platform: WINDOWS, platformName: WINDOWS, proxy: Proxy(), setWindowRect: true, strictFileInteractability: false, timeouts: {implicit: 0, pageLoad: 300000, script: 30000}, unhandledPromptBehavior: dismiss and notify, webauthn:extension:credBlob: true, webauthn:extension:largeBlob: true, webauthn:extension:minPinLength: true, webauthn:extension:prf: true, webauthn:virtualAuthenticators: true}
Session ID: a80eadd61ec2d40f0406a402c83d4c91
*** Element info: {Using=class name, value=search_tupple_wrap}
at org.openqa.selenium.remote.http.W3CHttpResponseCodec.decode(W3CHttpResponseCodec.java:120)
at org.openqa.selenium.remote.http.W3CHttpResponseCodec.decode(W3CHttpResponseCodec.java:49)
at org.openqa.selenium.remote.HttpCommandExecutor.execute(HttpCommandExecutor.java:158)
at org.openqa.selenium.remote.service.DriverCommandExecutor.execute(DriverCommandExecutor.java:83)
at org.openqa.selenium.remote.RemoteWebDriver.execute(RemoteWebDriver.java:552)
at org.openqa.selenium.remote.RemoteWebDriver.findElements(RemoteWebDriver.java:353)
at org.openqa.selenium.remote.RemoteWebDriver.findElementsByClassName(RemoteWebDriver.java:416)
at org.openqa.selenium.By$ByClassName.findElements(By.java:380)
at org.openqa.selenium.remote.RemoteWebDriver.findElements(RemoteWebDriver.java:311)
at org.openqa.selenium.support.ui.ExpectedConditions$8.apply(ExpectedConditions.java:231)
at org.openqa.selenium.support.ui.ExpectedConditions$8.apply(ExpectedConditions.java:228)
at org.openqa.selenium.support.ui.FluentWait.until(FluentWait.java:249)
at com.Redbus.utils.BasePage.waitForElementsToBeVisible(BasePage.java:32)
at com.Redbus.pages.TrainSearchResultPage.waitForSearchResults(TrainSearchResultPage.java:18)
at com.Redbus.tests.RedbusSearchTest.searchTrain(RedbusSearchTest.java:54)
at java.base/jdk.internal.reflect.DirectMethodHandleAccessor.invoke(DirectMethodHandleAccessor.java:103)
at java.base/java.lang.reflect.Method.invoke(Method.java:580)
at org.testng.internal.MethodInvocationHelper.invokeMethod(MethodInvocationHelper.java:124)
at org.testng.internal.Invoker.invokeMethod(Invoker.java:583)
at org.testng.internal.Invoker.invokeTestMethod(Invoker.java:719)
at org.testng.internal.Invoker.invokeTestMethods(Invoker.java:989)
at org.testng.internal.TestMethodWorker.invokeTestMethods(TestMethodWorker.java:125)
at org.testng.internal.TestMethodWorker.run(TestMethodWorker.java:109)
at org.testng.TestRunner.privateRun(TestRunner.java:648)
at org.testng.TestRunner.run(TestRunner.java:505)
at org.testng.SuiteRunner.runTest(SuiteRunner.java:455)
at org.testng.SuiteRunner.runSequentially(SuiteRunner.java:450)
at org.testng.SuiteRunner.privateRun(SuiteRunner.java:415)
at org.testng.SuiteRunner.run(SuiteRunner.java:364)
at org.testng.SuiteRunnerWorker.runSuite(SuiteRunnerWorker.java:52)
at org.testng.SuiteRunnerWorker.run(SuiteRunnerWorker.java:84)
at org.testng.TestNG.runSuitesSequentially(TestNG.java:1208)
at org.testng.TestNG.runSuitesLocally(TestNG.java:1137)
at org.testng.TestNG.runSuites(TestNG.java:1049)
at org.testng.TestNG.run(TestNG.java:1017)
at org.apache.maven.surefire.testng.TestNGExecutor.run(TestNGExecutor.java:284)
at org.apache.maven.surefire.testng.TestNGXmlTestSuite.execute(TestNGXmlTestSuite.java:75)
at org.apache.maven.surefire.testng.TestNGProvider.invoke(TestNGProvider.java:119)
at org.apache.maven.surefire.booter.ForkedBooter.runSuitesInProcess(ForkedBooter.java:428)
at org.apache.maven.surefire.booter.ForkedBooter.execute(ForkedBooter.java:162)
at org.apache.maven.surefire.booter.ForkedBooter.run(ForkedBooter.java:562)
at org.apache.maven.surefire.booter.ForkedBooter.main(ForkedBooter.java:548)
]]>
            </full-stacktrace>
          </exception> <!-- org.openqa.selenium.UnhandledAlertException -->
          <reporter-output>
          </reporter-output>
        </test-method> <!-- searchTrain -->
        <test-method is-config="true" signature="tearDown()[pri:0, instance:com.Redbus.tests.RedbusSearchTest@76b1e9b8]" started-at="2024-09-22T16:12:15Z" name="tearDown" finished-at="2024-09-22T16:12:15Z" duration-ms="236" status="PASS">
          <reporter-output>
          </reporter-output>
        </test-method> <!-- tearDown -->
        <test-method is-config="true" signature="setUp()[pri:0, instance:com.Redbus.tests.RedbusSearchTest@76b1e9b8]" started-at="2024-09-22T16:12:15Z" name="setUp" finished-at="2024-09-22T16:12:18Z" duration-ms="2805" status="PASS">
          <reporter-output>
          </reporter-output>
        </test-method> <!-- setUp -->
        <test-method signature="viewOffers()[pri:0, instance:com.Redbus.tests.RedbusSearchTest@76b1e9b8]" started-at="2024-09-22T16:12:18Z" name="viewOffers" finished-at="2024-09-22T16:12:24Z" duration-ms="6140" status="PASS">
          <reporter-output>
          </reporter-output>
        </test-method> <!-- viewOffers -->
        <test-method is-config="true" signature="tearDown()[pri:0, instance:com.Redbus.tests.RedbusSearchTest@76b1e9b8]" started-at="2024-09-22T16:12:24Z" name="tearDown" finished-at="2024-09-22T16:12:24Z" duration-ms="251" status="PASS">
          <reporter-output>
          </reporter-output>
        </test-method> <!-- tearDown -->
      </class> <!-- com.Redbus.tests.RedbusSearchTest -->
    </test> <!-- Test -->
  </suite> <!-- Suite -->
</testng-results>
