<?xml version="1.0" encoding="UTF-8"?>
<testsuite xmlns:xsi="http://www.w3.org/2001/XMLSchema-instance" xsi:noNamespaceSchemaLocation="https://maven.apache.org/surefire/maven-surefire-plugin/xsd/surefire-test-report-3.0.xsd" version="3.0" name="TestSuite" time="46.327" tests="4" errors="0" skipped="0" failures="1">
  <properties>
[...]
</properties>
  <testcase name="searchBusSort" classname="com.Redbus.tests.RedbusSearchTest" time="8.594">
    <system-out><![CDATA[[TestNGContentHandler] [WARN] It is strongly recommended to add "<!DOCTYPE suite SYSTEM "http://testng.org/testng-1.0.dtd" >" at the top of your file, otherwise TestNG may fail or not work as expected.
chrome
21:41:45.056 [main] INFO  com.Redbus.utils.BasePage - Waiting for element to be visible: By.id: src
21:41:45.298 [main] INFO  com.Redbus.utils.BasePage - Waiting for element to be visible: By.className: sc-dnqmqq
21:41:45.960 [main] INFO  com.Redbus.utils.BasePage - Waiting for element to be visible: By.id: src
21:41:46.166 [main] INFO  com.Redbus.utils.BasePage - Waiting for element to be visible: By.id: dest
21:41:46.274 [main] INFO  com.Redbus.utils.BasePage - Waiting for element to be visible: By.className: sc-dnqmqq
21:41:47.184 [main] INFO  com.Redbus.utils.BasePage - Waiting for element to be visible: By.id: dest
[[[ChromeDriver: chrome on WINDOWS (c95c65f5e624bc05ea35d96c94e252c7)] -> class name: DayNavigator__IconBlock-qj8jdz-2], [[ChromeDriver: chrome on WINDOWS (c95c65f5e624bc05ea35d96c94e252c7)] -> class name: DayNavigator__IconBlock-qj8jdz-2], [[ChromeDriver: chrome on WINDOWS (c95c65f5e624bc05ea35d96c94e252c7)] -> class name: DayNavigator__IconBlock-qj8jdz-2]]
Sep 2024
2 Holidays
Month is less than curr month
21:41:49.340 [main] INFO  com.Redbus.utils.BasePage - Clicking on element: By.id: search_button
21:41:49.340 [main] INFO  com.Redbus.utils.BasePage - Waiting for element to be visible: By.id: search_button
21:41:49.455 [main] INFO  com.Redbus.utils.BasePage - Waiting for element to be visible: By.id: result-section
21:41:52.131 [main] INFO  com.Redbus.utils.BasePage - Waiting for element to be visible: By.className: sort-sec
21:41:52.393 [main] INFO  com.Redbus.utils.BasePage - Waiting for element to be visible: By.className: sort-sec
21:41:52.714 [main] INFO  com.Redbus.utils.BasePage - Checking if element is displayed: By.id: result-section
21:41:52.714 [main] INFO  com.Redbus.utils.BasePage - Waiting for element to be visible: By.id: result-section
]]></system-out>
    <system-err><![CDATA[Starting ChromeDriver 129.0.6668.58 (81a06fb873a9b386848719cf9f93e59579fb5d4b-refs/branch-heads/6668@{#1318}) on port 36740
Only local connections are allowed.
Please see https://chromedriver.chromium.org/security-considerations for suggestions on keeping ChromeDriver safe.
ChromeDriver was started successfully on port 36740.
Sept 22, 2024 9:41:40 PM org.openqa.selenium.remote.ProtocolHandshake createSession
INFO: Detected dialect: W3C
]]></system-err>
  </testcase>
  <testcase name="searchBusTicket" classname="com.Redbus.tests.RedbusSearchTest" time="5.772">
    <system-out><![CDATA[chrome
21:41:56.511 [main] INFO  com.Redbus.utils.BasePage - Waiting for element to be visible: By.id: src
21:41:56.722 [main] INFO  com.Redbus.utils.BasePage - Waiting for element to be visible: By.className: sc-dnqmqq
21:41:57.515 [main] INFO  com.Redbus.utils.BasePage - Waiting for element to be visible: By.id: src
21:41:57.628 [main] INFO  com.Redbus.utils.BasePage - Waiting for element to be visible: By.id: dest
21:41:57.742 [main] INFO  com.Redbus.utils.BasePage - Waiting for element to be visible: By.className: sc-dnqmqq
21:41:58.408 [main] INFO  com.Redbus.utils.BasePage - Waiting for element to be visible: By.id: dest
[[[ChromeDriver: chrome on WINDOWS (0bdb2c82c50257641154394886e20c38)] -> class name: DayNavigator__IconBlock-qj8jdz-2], [[ChromeDriver: chrome on WINDOWS (0bdb2c82c50257641154394886e20c38)] -> class name: DayNavigator__IconBlock-qj8jdz-2], [[ChromeDriver: chrome on WINDOWS (0bdb2c82c50257641154394886e20c38)] -> class name: DayNavigator__IconBlock-qj8jdz-2]]
Sep 2024
2 Holidays
Month is less than curr month
21:41:59.008 [main] INFO  com.Redbus.utils.BasePage - Clicking on element: By.id: search_button
21:41:59.008 [main] INFO  com.Redbus.utils.BasePage - Waiting for element to be visible: By.id: search_button
21:41:59.084 [main] INFO  com.Redbus.utils.BasePage - Waiting for element to be visible: By.id: result-section
21:42:01.645 [main] INFO  com.Redbus.utils.BasePage - Checking if element is displayed: By.id: result-section
21:42:01.645 [main] INFO  com.Redbus.utils.BasePage - Waiting for element to be visible: By.id: result-section
]]></system-out>
    <system-err><![CDATA[Starting ChromeDriver 129.0.6668.58 (81a06fb873a9b386848719cf9f93e59579fb5d4b-refs/branch-heads/6668@{#1318}) on port 55159
Only local connections are allowed.
Please see https://chromedriver.chromium.org/security-considerations for suggestions on keeping ChromeDriver safe.
ChromeDriver was started successfully on port 55159.
Sept 22, 2024 9:41:54 PM org.openqa.selenium.remote.ProtocolHandshake createSession
INFO: Detected dialect: W3C
]]></system-err>
  </testcase>
  <testcase name="searchTrain" classname="com.Redbus.tests.RedbusSearchTest" time="10.838">
    <failure message="unexpected alert open: {Alert text : Please enter valid source}&#10;  (Session info: chrome=129.0.6668.59): Please enter valid source&#10;Build info: version: &apos;3.141.59&apos;, revision: &apos;e82be7d358&apos;, time: &apos;2018-11-14T08:17:03&apos;&#10;System info: host: &apos;IN-B8WHX14&apos;, ip: &apos;192.168.1.3&apos;, os.name: &apos;Windows 11&apos;, os.arch: &apos;amd64&apos;, os.version: &apos;10.0&apos;, java.version: &apos;22.0.2&apos;&#10;Driver info: org.openqa.selenium.chrome.ChromeDriver&#10;Capabilities {acceptInsecureCerts: false, browserName: chrome, browserVersion: 129.0.6668.59, chrome: {chromedriverVersion: 129.0.6668.58 (81a06fb873a9..., userDataDir: C:\Users\upasna\AppData\Loc...}, fedcm:accounts: true, goog:chromeOptions: {debuggerAddress: localhost:53096}, javascriptEnabled: true, networkConnectionEnabled: false, pageLoadStrategy: normal, platform: WINDOWS, platformName: WINDOWS, proxy: Proxy(), setWindowRect: true, strictFileInteractability: false, timeouts: {implicit: 0, pageLoad: 300000, script: 30000}, unhandledPromptBehavior: dismiss and notify, webauthn:extension:credBlob: true, webauthn:extension:largeBlob: true, webauthn:extension:minPinLength: true, webauthn:extension:prf: true, webauthn:virtualAuthenticators: true}&#10;Session ID: a80eadd61ec2d40f0406a402c83d4c91&#10;*** Element info: {Using=class name, value=search_tupple_wrap}" type="org.openqa.selenium.UnhandledAlertException"><![CDATA[org.openqa.selenium.UnhandledAlertException: 
unexpected alert open: {Alert text : Please enter valid source}
  (Session info: chrome=129.0.6668.59): Please enter valid source
Build info: version: '3.141.59', revision: 'e82be7d358', time: '2018-11-14T08:17:03'
System info: host: 'IN-B8WHX14', ip: '192.168.1.3', os.name: 'Windows 11', os.arch: 'amd64', os.version: '10.0', java.version: '22.0.2'
Driver info: org.openqa.selenium.chrome.ChromeDriver
Capabilities {acceptInsecureCerts: false, browserName: chrome, browserVersion: 129.0.6668.59, chrome: {chromedriverVersion: 129.0.6668.58 (81a06fb873a9..., userDataDir: C:\Users\upasna\AppData\Loc...}, fedcm:accounts: true, goog:chromeOptions: {debuggerAddress: localhost:53096}, javascriptEnabled: true, networkConnectionEnabled: false, pageLoadStrategy: normal, platform: WINDOWS, platformName: WINDOWS, proxy: Proxy(), setWindowRect: true, strictFileInteractability: false, timeouts: {implicit: 0, pageLoad: 300000, script: 30000}, unhandledPromptBehavior: dismiss and notify, webauthn:extension:credBlob: true, webauthn:extension:largeBlob: true, webauthn:extension:minPinLength: true, webauthn:extension:prf: true, webauthn:virtualAuthenticators: true}
Session ID: a80eadd61ec2d40f0406a402c83d4c91
*** Element info: {Using=class name, value=search_tupple_wrap}
	at com.Redbus.tests.RedbusSearchTest.searchTrain(RedbusSearchTest.java:54)
]]></failure>
    <system-out><![CDATA[chrome
21:42:04.905 [main] INFO  com.Redbus.utils.BasePage - Waiting for element to be visible: By.id: rail_tickets_vertical
21:42:07.253 [main] INFO  com.Redbus.utils.BasePage - Waiting for element to be visible: By.id: src
21:42:07.525 [main] INFO  com.Redbus.utils.BasePage - Waiting for element to be visible: By.id: dst
21:42:12.699 [main] INFO  com.Redbus.utils.BasePage - Waiting for element to be visible: By.className: dst_search_wrapper
21:42:12.801 [main] INFO  com.Redbus.utils.BasePage - Waiting for element to be visible: By.className: dst_search_wrapper
21:42:12.899 [main] INFO  com.Redbus.utils.BasePage - Waiting for element to be visible: By.className: dst_search_wrapper
MAS
21:42:13.135 [main] INFO  com.Redbus.utils.BasePage - Clicking on element: By.className: search-btn
21:42:13.135 [main] INFO  com.Redbus.utils.BasePage - Waiting for element to be visible: By.className: search-btn
21:42:15.280 [main] INFO  com.Redbus.utils.BasePage - Waiting for elements to be visible: By.className: search_tupple_wrap
]]></system-out>
    <system-err><![CDATA[Starting ChromeDriver 129.0.6668.58 (81a06fb873a9b386848719cf9f93e59579fb5d4b-refs/branch-heads/6668@{#1318}) on port 17790
Only local connections are allowed.
Please see https://chromedriver.chromium.org/security-considerations for suggestions on keeping ChromeDriver safe.
ChromeDriver was started successfully on port 17790.
Sept 22, 2024 9:42:03 PM org.openqa.selenium.remote.ProtocolHandshake createSession
INFO: Detected dialect: W3C
]]></system-err>
  </testcase>
  <testcase name="viewOffers" classname="com.Redbus.tests.RedbusSearchTest" time="6.127">
    <system-out><![CDATA[chrome
21:42:18.374 [main] INFO  com.Redbus.utils.BasePage - Waiting for element to be visible: By.className: OfferSection__ViewAllText-sc-16xojcc-1
21:42:19.053 [main] INFO  com.Redbus.utils.BasePage - Waiting for elements to be visible: By.className: offerBlock
21:42:22.423 [main] INFO  com.Redbus.utils.BasePage - Waiting for element to be visible: By.id: offerClose
]]></system-out>
    <system-err><![CDATA[Starting ChromeDriver 129.0.6668.58 (81a06fb873a9b386848719cf9f93e59579fb5d4b-refs/branch-heads/6668@{#1318}) on port 32149
Only local connections are allowed.
Please see https://chromedriver.chromium.org/security-considerations for suggestions on keeping ChromeDriver safe.
ChromeDriver was started successfully on port 32149.
Sept 22, 2024 9:42:16 PM org.openqa.selenium.remote.ProtocolHandshake createSession
INFO: Detected dialect: W3C
]]></system-err>
  </testcase>
</testsuite>